2020-01-22 21:43:16,601 [Worker-2: Loading available Gradle versions] INFO  o.e.b.c.i.u.g.PublishedGradleVersions - Gradle version information cache is up-to-date. Trying to read.
2020-01-22 21:43:45,733 [Worker-2: Importing Maven projects] INFO  o.e.m.c.i.l.LifecycleMappingFactory - Using org.eclipse.m2e.jdt.JarLifecycleMapping lifecycle mapping for MavenProject: com.softtek.web.edusite:my-web-edusite:0.0.1-SNAPSHOT @ C:\GuillermoCastro\Amatitla\templates\edusite-GCP\my-web-edusite\pom.xml.
2020-01-22 21:43:54,906 [Worker-2: Importing Maven projects] INFO  o.e.m.j.i.AbstractJavaProjectConfigurator - Adding source folder /my-web-edusite/src/main/java
2020-01-22 21:43:54,906 [Worker-2: Importing Maven projects] INFO  o.e.m.j.i.AbstractJavaProjectConfigurator - Adding resource folder /my-web-edusite/src/main/resources
2020-01-22 21:43:54,910 [Worker-2: Importing Maven projects] INFO  o.e.m.j.i.AbstractJavaProjectConfigurator - Adding resource folder /my-web-edusite/src/main/resources
2020-01-22 21:43:54,914 [Worker-2: Importing Maven projects] INFO  o.e.m.j.i.AbstractJavaProjectConfigurator - Adding source folder /my-web-edusite/src/test/java
2020-01-22 21:43:55,192 [Worker-2: Importing Maven projects] INFO  o.e.m.c.i.p.ProjectConfigurationManager - Imported and configured 1 project(s) in 17 sec
2020-01-22 21:43:57,488 [Worker-8: Building workspace] INFO  o.e.m.c.i.embedder.EclipseLogger - Using 'UTF-8' encoding to copy filtered resources.
2020-01-22 21:43:57,494 [Worker-8: Building workspace] INFO  o.e.m.c.i.embedder.EclipseLogger - Copying 1 resource
2020-01-22 21:43:57,515 [Worker-8: Building workspace] INFO  o.e.m.c.i.embedder.EclipseLogger - Copying 44 resources
2020-01-22 21:43:58,546 [Worker-8: Building workspace] INFO  o.e.m.c.i.embedder.EclipseLogger - Using 'UTF-8' encoding to copy filtered resources.
2020-01-22 21:43:58,547 [Worker-8: Building workspace] INFO  o.e.m.c.i.embedder.EclipseLogger - skip non existing resourceDirectory C:\GuillermoCastro\Amatitla\templates\edusite-GCP\my-web-edusite\src\test\resources
2020-01-22 21:45:01,679 [Worker-6: Building workspace] INFO  o.e.m.c.i.embedder.EclipseLogger - Using 'UTF-8' encoding to copy filtered resources.
2020-01-22 21:45:01,697 [Worker-6: Building workspace] INFO  o.e.m.c.i.embedder.EclipseLogger - Copying 1 resource
2020-01-22 21:45:01,717 [Worker-6: Building workspace] INFO  o.e.m.c.i.embedder.EclipseLogger - Copying 44 resources
2020-01-22 21:45:01,726 [Worker-6: Building workspace] INFO  o.e.m.c.i.embedder.EclipseLogger - Using 'UTF-8' encoding to copy filtered resources.
2020-01-22 21:45:01,726 [Worker-6: Building workspace] INFO  o.e.m.c.i.embedder.EclipseLogger - skip non existing resourceDirectory C:\GuillermoCastro\Amatitla\templates\edusite-GCP\my-web-edusite\src\test\resources
2020-01-22 21:49:38,539 [Worker-3: Building workspace] INFO  o.e.m.c.i.embedder.EclipseLogger - Using 'UTF-8' encoding to copy filtered resources.
2020-01-22 21:49:38,558 [Worker-3: Building workspace] INFO  o.e.m.c.i.embedder.EclipseLogger - Copying 0 resource
2020-01-22 21:49:38,558 [Worker-3: Building workspace] INFO  o.e.m.c.i.embedder.EclipseLogger - Copying 1 resource
2020-01-22 21:49:38,577 [Worker-3: Building workspace] INFO  o.e.m.c.i.embedder.EclipseLogger - Using 'UTF-8' encoding to copy filtered resources.
2020-01-22 21:49:38,577 [Worker-3: Building workspace] INFO  o.e.m.c.i.embedder.EclipseLogger - skip non existing resourceDirectory C:\GuillermoCastro\Amatitla\templates\edusite-GCP\my-web-edusite\src\test\resources
2020-01-22 21:51:15,406 [Worker-6: Importing Maven projects] INFO  o.e.m.c.i.l.LifecycleMappingFactory - Using org.eclipse.m2e.jdt.JarLifecycleMapping lifecycle mapping for MavenProject: com.softtek.java.demo:my-web-app:0.0.1-SNAPSHOT @ C:\GuillermoCastro\Amatitla\spring.boot\demo\pom.xml.
2020-01-22 21:51:17,695 [Worker-6: Importing Maven projects] INFO  o.e.m.j.i.AbstractJavaProjectConfigurator - Adding source folder /my-web-app/src/main/java
2020-01-22 21:51:17,696 [Worker-6: Importing Maven projects] INFO  o.e.m.j.i.AbstractJavaProjectConfigurator - Adding resource folder /my-web-app/src/main/resources
2020-01-22 21:51:17,696 [Worker-6: Importing Maven projects] INFO  o.e.m.j.i.AbstractJavaProjectConfigurator - Adding resource folder /my-web-app/src/main/resources
2020-01-22 21:51:17,696 [Worker-6: Importing Maven projects] INFO  o.e.m.j.i.AbstractJavaProjectConfigurator - Adding source folder /my-web-app/src/test/java
2020-01-22 21:51:17,845 [Worker-6: Importing Maven projects] INFO  o.e.m.c.i.p.ProjectConfigurationManager - Imported and configured 1 project(s) in 4 sec
2020-01-22 21:51:18,937 [Worker-5: Building workspace] INFO  o.e.m.c.i.embedder.EclipseLogger - Using 'UTF-8' encoding to copy filtered resources.
2020-01-22 21:51:18,938 [Worker-5: Building workspace] INFO  o.e.m.c.i.embedder.EclipseLogger - Copying 1 resource
2020-01-22 21:51:18,947 [Worker-5: Building workspace] INFO  o.e.m.c.i.embedder.EclipseLogger - Copying 14 resources
2020-01-22 21:51:19,566 [Worker-5: Building workspace] INFO  o.e.m.c.i.embedder.EclipseLogger - Using 'UTF-8' encoding to copy filtered resources.
2020-01-22 21:51:19,567 [Worker-5: Building workspace] INFO  o.e.m.c.i.embedder.EclipseLogger - skip non existing resourceDirectory C:\GuillermoCastro\Amatitla\spring.boot\demo\src\test\resources
2020-01-22 21:53:23,241 [Worker-6: Building workspace] INFO  o.e.m.c.i.embedder.EclipseLogger - Using 'UTF-8' encoding to copy filtered resources.
2020-01-22 21:53:23,259 [Worker-6: Building workspace] INFO  o.e.m.c.i.embedder.EclipseLogger - Copying 1 resource
2020-01-22 21:53:23,283 [Worker-6: Building workspace] INFO  o.e.m.c.i.embedder.EclipseLogger - Copying 44 resources
2020-01-22 21:53:23,292 [Worker-6: Building workspace] INFO  o.e.m.c.i.embedder.EclipseLogger - Using 'UTF-8' encoding to copy filtered resources.
2020-01-22 21:53:23,292 [Worker-6: Building workspace] INFO  o.e.m.c.i.embedder.EclipseLogger - skip non existing resourceDirectory C:\GuillermoCastro\Amatitla\templates\edusite-GCP\my-web-edusite\src\test\resources
2020-01-22 21:54:46,509 [Worker-10: Building workspace] INFO  o.e.m.c.i.embedder.EclipseLogger - Using 'UTF-8' encoding to copy filtered resources.
2020-01-22 21:54:46,509 [Worker-10: Building workspace] INFO  o.e.m.c.i.embedder.EclipseLogger - Copying 0 resource
2020-01-22 21:54:46,513 [Worker-10: Building workspace] INFO  o.e.m.c.i.embedder.EclipseLogger - Copying 1 resource
2020-01-22 21:54:46,529 [Worker-10: Building workspace] INFO  o.e.m.c.i.embedder.EclipseLogger - Using 'UTF-8' encoding to copy filtered resources.
2020-01-22 21:54:46,530 [Worker-10: Building workspace] INFO  o.e.m.c.i.embedder.EclipseLogger - skip non existing resourceDirectory C:\GuillermoCastro\Amatitla\templates\edusite-GCP\my-web-edusite\src\test\resources
2020-01-22 21:56:51,616 [Worker-0: Building workspace] INFO  o.e.m.c.i.embedder.EclipseLogger - Using 'UTF-8' encoding to copy filtered resources.
2020-01-22 21:56:51,617 [Worker-0: Building workspace] INFO  o.e.m.c.i.embedder.EclipseLogger - Copying 0 resource
2020-01-22 21:56:51,618 [Worker-0: Building workspace] INFO  o.e.m.c.i.embedder.EclipseLogger - Copying 1 resource
2020-01-22 21:56:51,635 [Worker-0: Building workspace] INFO  o.e.m.c.i.embedder.EclipseLogger - Using 'UTF-8' encoding to copy filtered resources.
2020-01-22 21:56:51,635 [Worker-0: Building workspace] INFO  o.e.m.c.i.embedder.EclipseLogger - skip non existing resourceDirectory C:\GuillermoCastro\Amatitla\templates\edusite-GCP\my-web-edusite\src\test\resources
2020-01-22 21:57:02,088 [Worker-0: Building workspace] INFO  o.e.m.c.i.embedder.EclipseLogger - Using 'UTF-8' encoding to copy filtered resources.
2020-01-22 21:57:02,089 [Worker-0: Building workspace] INFO  o.e.m.c.i.embedder.EclipseLogger - Copying 0 resource
2020-01-22 21:57:02,089 [Worker-0: Building workspace] INFO  o.e.m.c.i.embedder.EclipseLogger - Copying 1 resource
2020-01-22 21:57:02,104 [Worker-0: Building workspace] INFO  o.e.m.c.i.embedder.EclipseLogger - Using 'UTF-8' encoding to copy filtered resources.
2020-01-22 21:57:02,109 [Worker-0: Building workspace] INFO  o.e.m.c.i.embedder.EclipseLogger - skip non existing resourceDirectory C:\GuillermoCastro\Amatitla\templates\edusite-GCP\my-web-edusite\src\test\resources
2020-01-22 22:00:09,756 [Worker-9: Building workspace] INFO  o.e.m.c.i.embedder.EclipseLogger - Using 'UTF-8' encoding to copy filtered resources.
2020-01-22 22:00:09,756 [Worker-9: Building workspace] INFO  o.e.m.c.i.embedder.EclipseLogger - Copying 0 resource
2020-01-22 22:00:09,759 [Worker-9: Building workspace] INFO  o.e.m.c.i.embedder.EclipseLogger - Copying 1 resource
2020-01-22 22:00:09,778 [Worker-9: Building workspace] INFO  o.e.m.c.i.embedder.EclipseLogger - Using 'UTF-8' encoding to copy filtered resources.
2020-01-22 22:00:09,778 [Worker-9: Building workspace] INFO  o.e.m.c.i.embedder.EclipseLogger - skip non existing resourceDirectory C:\GuillermoCastro\Amatitla\templates\edusite-GCP\my-web-edusite\src\test\resources
2020-01-22 22:02:13,455 [Worker-16: Building workspace] INFO  o.e.m.c.i.embedder.EclipseLogger - Using 'UTF-8' encoding to copy filtered resources.
2020-01-22 22:02:13,456 [Worker-16: Building workspace] INFO  o.e.m.c.i.embedder.EclipseLogger - Copying 0 resource
2020-01-22 22:02:13,456 [Worker-16: Building workspace] INFO  o.e.m.c.i.embedder.EclipseLogger - Copying 1 resource
2020-01-22 22:02:13,474 [Worker-16: Building workspace] INFO  o.e.m.c.i.embedder.EclipseLogger - Using 'UTF-8' encoding to copy filtered resources.
2020-01-22 22:02:13,475 [Worker-16: Building workspace] INFO  o.e.m.c.i.embedder.EclipseLogger - skip non existing resourceDirectory C:\GuillermoCastro\Amatitla\templates\edusite-GCP\my-web-edusite\src\test\resources
2020-01-22 22:02:19,810 [Worker-2: Building workspace] INFO  o.e.m.c.i.embedder.EclipseLogger - Using 'UTF-8' encoding to copy filtered resources.
2020-01-22 22:02:19,811 [Worker-2: Building workspace] INFO  o.e.m.c.i.embedder.EclipseLogger - Copying 0 resource
2020-01-22 22:02:19,812 [Worker-2: Building workspace] INFO  o.e.m.c.i.embedder.EclipseLogger - Copying 1 resource
2020-01-22 22:02:19,825 [Worker-2: Building workspace] INFO  o.e.m.c.i.embedder.EclipseLogger - Using 'UTF-8' encoding to copy filtered resources.
2020-01-22 22:02:19,825 [Worker-2: Building workspace] INFO  o.e.m.c.i.embedder.EclipseLogger - skip non existing resourceDirectory C:\GuillermoCastro\Amatitla\templates\edusite-GCP\my-web-edusite\src\test\resources
2020-01-22 22:02:28,657 [Worker-18: Building workspace] INFO  o.e.m.c.i.embedder.EclipseLogger - Using 'UTF-8' encoding to copy filtered resources.
2020-01-22 22:02:28,659 [Worker-18: Building workspace] INFO  o.e.m.c.i.embedder.EclipseLogger - Copying 0 resource
2020-01-22 22:02:28,660 [Worker-18: Building workspace] INFO  o.e.m.c.i.embedder.EclipseLogger - Copying 1 resource
2020-01-22 22:02:28,678 [Worker-18: Building workspace] INFO  o.e.m.c.i.embedder.EclipseLogger - Using 'UTF-8' encoding to copy filtered resources.
2020-01-22 22:02:28,678 [Worker-18: Building workspace] INFO  o.e.m.c.i.embedder.EclipseLogger - skip non existing resourceDirectory C:\GuillermoCastro\Amatitla\templates\edusite-GCP\my-web-edusite\src\test\resources
2020-01-22 22:03:59,601 [Worker-16: Building workspace] INFO  o.e.m.c.i.embedder.EclipseLogger - Using 'UTF-8' encoding to copy filtered resources.
2020-01-22 22:03:59,625 [Worker-16: Building workspace] INFO  o.e.m.c.i.embedder.EclipseLogger - Copying 1 resource
2020-01-22 22:03:59,652 [Worker-16: Building workspace] INFO  o.e.m.c.i.embedder.EclipseLogger - Copying 44 resources
2020-01-22 22:03:59,664 [Worker-16: Building workspace] INFO  o.e.m.c.i.embedder.EclipseLogger - Using 'UTF-8' encoding to copy filtered resources.
2020-01-22 22:03:59,664 [Worker-16: Building workspace] INFO  o.e.m.c.i.embedder.EclipseLogger - skip non existing resourceDirectory C:\GuillermoCastro\Amatitla\templates\edusite-GCP\my-web-edusite\src\test\resources
2020-01-22 22:05:18,216 [Worker-2: Building workspace] INFO  o.e.m.c.i.embedder.EclipseLogger - Using 'UTF-8' encoding to copy filtered resources.
2020-01-22 22:05:18,228 [Worker-2: Building workspace] INFO  o.e.m.c.i.embedder.EclipseLogger - Copying 1 resource
2020-01-22 22:05:18,251 [Worker-2: Building workspace] INFO  o.e.m.c.i.embedder.EclipseLogger - Copying 44 resources
2020-01-22 22:05:18,263 [Worker-2: Building workspace] INFO  o.e.m.c.i.embedder.EclipseLogger - Using 'UTF-8' encoding to copy filtered resources.
2020-01-22 22:05:18,264 [Worker-2: Building workspace] INFO  o.e.m.c.i.embedder.EclipseLogger - skip non existing resourceDirectory C:\GuillermoCastro\Amatitla\templates\edusite-GCP\my-web-edusite\src\test\resources
2020-01-22 22:15:25,893 [Worker-12: Importing Maven projects] INFO  o.e.m.c.i.l.LifecycleMappingFactory - Using org.eclipse.m2e.jdt.JarLifecycleMapping lifecycle mapping for MavenProject: com.softtek.java.demo:my-web-app:0.0.1-SNAPSHOT @ C:\GuillermoCastro\Amatitla\spring.boot\db-demo-app\pom.xml.
2020-01-22 22:15:33,292 [Worker-12: Importing Maven projects] INFO  o.e.m.j.i.AbstractJavaProjectConfigurator - Adding source folder /my-web-app/src/main/java
2020-01-22 22:15:33,292 [Worker-12: Importing Maven projects] INFO  o.e.m.j.i.AbstractJavaProjectConfigurator - Adding resource folder /my-web-app/src/main/resources
2020-01-22 22:15:33,293 [Worker-12: Importing Maven projects] INFO  o.e.m.j.i.AbstractJavaProjectConfigurator - Adding resource folder /my-web-app/src/main/resources
2020-01-22 22:15:33,293 [Worker-12: Importing Maven projects] INFO  o.e.m.j.i.AbstractJavaProjectConfigurator - Adding source folder /my-web-app/src/test/java
2020-01-22 22:15:33,502 [Worker-12: Importing Maven projects] INFO  o.e.m.c.i.p.ProjectConfigurationManager - Imported and configured 1 project(s) in 9 sec
2020-01-22 22:15:38,017 [Worker-25: Building workspace] INFO  o.e.m.c.i.embedder.EclipseLogger - Using 'UTF-8' encoding to copy filtered resources.
2020-01-22 22:15:38,017 [Worker-25: Building workspace] INFO  o.e.m.c.i.embedder.EclipseLogger - Copying 3 resources
2020-01-22 22:15:38,042 [Worker-25: Building workspace] INFO  o.e.m.c.i.embedder.EclipseLogger - Copying 0 resource
2020-01-22 22:15:38,044 [Worker-25: Building workspace] INFO  o.e.m.c.i.embedder.EclipseLogger - Using 'UTF-8' encoding to copy filtered resources.
2020-01-22 22:15:38,044 [Worker-25: Building workspace] INFO  o.e.m.c.i.embedder.EclipseLogger - skip non existing resourceDirectory C:\GuillermoCastro\Amatitla\spring.boot\db-demo-app\src\test\resources
2020-01-22 22:16:42,860 [Worker-21: Building workspace] INFO  o.e.m.c.i.embedder.EclipseLogger - Using 'UTF-8' encoding to copy filtered resources.
2020-01-22 22:16:42,875 [Worker-21: Building workspace] INFO  o.e.m.c.i.embedder.EclipseLogger - Copying 1 resource
2020-01-22 22:16:42,899 [Worker-21: Building workspace] INFO  o.e.m.c.i.embedder.EclipseLogger - Copying 44 resources
2020-01-22 22:16:42,911 [Worker-21: Building workspace] INFO  o.e.m.c.i.embedder.EclipseLogger - Using 'UTF-8' encoding to copy filtered resources.
2020-01-22 22:16:42,911 [Worker-21: Building workspace] INFO  o.e.m.c.i.embedder.EclipseLogger - skip non existing resourceDirectory C:\GuillermoCastro\Amatitla\templates\edusite-GCP\my-web-edusite\src\test\resources
2020-01-22 22:16:52,608 [Worker-24: Building workspace] INFO  o.e.m.c.i.embedder.EclipseLogger - Using 'UTF-8' encoding to copy filtered resources.
2020-01-22 22:16:52,608 [Worker-24: Building workspace] INFO  o.e.m.c.i.embedder.EclipseLogger - Copying 1 resource
2020-01-22 22:16:52,628 [Worker-24: Building workspace] INFO  o.e.m.c.i.embedder.EclipseLogger - Copying 44 resources
2020-01-22 22:16:52,642 [Worker-24: Building workspace] INFO  o.e.m.c.i.embedder.EclipseLogger - Using 'UTF-8' encoding to copy filtered resources.
2020-01-22 22:16:52,642 [Worker-24: Building workspace] INFO  o.e.m.c.i.embedder.EclipseLogger - skip non existing resourceDirectory C:\GuillermoCastro\Amatitla\templates\edusite-GCP\my-web-edusite\src\test\resources
2020-01-22 22:17:25,336 [Worker-23: Building workspace] INFO  o.e.m.c.i.embedder.EclipseLogger - Using 'UTF-8' encoding to copy filtered resources.
2020-01-22 22:17:25,336 [Worker-23: Building workspace] INFO  o.e.m.c.i.embedder.EclipseLogger - Copying 1 resource
2020-01-22 22:17:25,353 [Worker-23: Building workspace] INFO  o.e.m.c.i.embedder.EclipseLogger - Copying 44 resources
2020-01-22 22:17:25,369 [Worker-23: Building workspace] INFO  o.e.m.c.i.embedder.EclipseLogger - Using 'UTF-8' encoding to copy filtered resources.
2020-01-22 22:17:25,369 [Worker-23: Building workspace] INFO  o.e.m.c.i.embedder.EclipseLogger - skip non existing resourceDirectory C:\GuillermoCastro\Amatitla\templates\edusite-GCP\my-web-edusite\src\test\resources
2020-01-22 22:17:46,952 [Worker-27: Building workspace] INFO  o.e.m.c.i.embedder.EclipseLogger - Using 'UTF-8' encoding to copy filtered resources.
2020-01-22 22:17:46,954 [Worker-27: Building workspace] INFO  o.e.m.c.i.embedder.EclipseLogger - Copying 1 resource
2020-01-22 22:17:46,981 [Worker-27: Building workspace] INFO  o.e.m.c.i.embedder.EclipseLogger - Copying 44 resources
2020-01-22 22:17:46,981 [Worker-27: Building workspace] INFO  o.e.m.c.i.embedder.EclipseLogger - Using 'UTF-8' encoding to copy filtered resources.
2020-01-22 22:17:46,981 [Worker-27: Building workspace] INFO  o.e.m.c.i.embedder.EclipseLogger - skip non existing resourceDirectory C:\GuillermoCastro\Amatitla\templates\edusite-GCP\my-web-edusite\src\test\resources
2020-01-22 22:17:54,570 [Worker-9: Building workspace] INFO  o.e.m.c.i.embedder.EclipseLogger - Using 'UTF-8' encoding to copy filtered resources.
2020-01-22 22:17:54,583 [Worker-9: Building workspace] INFO  o.e.m.c.i.embedder.EclipseLogger - Copying 1 resource
2020-01-22 22:17:54,607 [Worker-9: Building workspace] INFO  o.e.m.c.i.embedder.EclipseLogger - Copying 44 resources
2020-01-22 22:17:54,616 [Worker-9: Building workspace] INFO  o.e.m.c.i.embedder.EclipseLogger - Using 'UTF-8' encoding to copy filtered resources.
2020-01-22 22:17:54,617 [Worker-9: Building workspace] INFO  o.e.m.c.i.embedder.EclipseLogger - skip non existing resourceDirectory C:\GuillermoCastro\Amatitla\templates\edusite-GCP\my-web-edusite\src\test\resources
2020-01-22 22:18:01,341 [Worker-24: Building workspace] INFO  o.e.m.c.i.embedder.EclipseLogger - Using 'UTF-8' encoding to copy filtered resources.
2020-01-22 22:18:01,342 [Worker-24: Building workspace] INFO  o.e.m.c.i.embedder.EclipseLogger - Copying 1 resource
2020-01-22 22:18:01,376 [Worker-24: Building workspace] INFO  o.e.m.c.i.embedder.EclipseLogger - Copying 44 resources
2020-01-22 22:18:01,390 [Worker-24: Building workspace] INFO  o.e.m.c.i.embedder.EclipseLogger - Using 'UTF-8' encoding to copy filtered resources.
2020-01-22 22:18:01,391 [Worker-24: Building workspace] INFO  o.e.m.c.i.embedder.EclipseLogger - skip non existing resourceDirectory C:\GuillermoCastro\Amatitla\templates\edusite-GCP\my-web-edusite\src\test\resources
2020-01-22 22:18:41,550 [Worker-25: Building workspace] INFO  o.e.m.c.i.embedder.EclipseLogger - Using 'UTF-8' encoding to copy filtered resources.
2020-01-22 22:18:41,552 [Worker-25: Building workspace] INFO  o.e.m.c.i.embedder.EclipseLogger - Copying 1 resource
2020-01-22 22:18:41,570 [Worker-25: Building workspace] INFO  o.e.m.c.i.embedder.EclipseLogger - Copying 44 resources
2020-01-22 22:18:41,570 [Worker-25: Building workspace] INFO  o.e.m.c.i.embedder.EclipseLogger - Using 'UTF-8' encoding to copy filtered resources.
2020-01-22 22:18:41,583 [Worker-25: Building workspace] INFO  o.e.m.c.i.embedder.EclipseLogger - skip non existing resourceDirectory C:\GuillermoCastro\Amatitla\templates\edusite-GCP\my-web-edusite\src\test\resources
2020-01-22 22:18:59,536 [Worker-22: Building workspace] INFO  o.e.m.c.i.embedder.EclipseLogger - Using 'UTF-8' encoding to copy filtered resources.
2020-01-22 22:18:59,537 [Worker-22: Building workspace] INFO  o.e.m.c.i.embedder.EclipseLogger - Copying 1 resource
2020-01-22 22:18:59,554 [Worker-22: Building workspace] INFO  o.e.m.c.i.embedder.EclipseLogger - Copying 44 resources
2020-01-22 22:18:59,565 [Worker-22: Building workspace] INFO  o.e.m.c.i.embedder.EclipseLogger - Using 'UTF-8' encoding to copy filtered resources.
2020-01-22 22:18:59,565 [Worker-22: Building workspace] INFO  o.e.m.c.i.embedder.EclipseLogger - skip non existing resourceDirectory C:\GuillermoCastro\Amatitla\templates\edusite-GCP\my-web-edusite\src\test\resources
2020-01-22 22:19:02,868 [Worker-24: Building workspace] INFO  o.e.m.c.i.embedder.EclipseLogger - Using 'UTF-8' encoding to copy filtered resources.
2020-01-22 22:19:02,888 [Worker-24: Building workspace] INFO  o.e.m.c.i.embedder.EclipseLogger - Copying 1 resource
2020-01-22 22:19:02,911 [Worker-24: Building workspace] INFO  o.e.m.c.i.embedder.EclipseLogger - Copying 44 resources
2020-01-22 22:19:02,919 [Worker-24: Building workspace] INFO  o.e.m.c.i.embedder.EclipseLogger - Using 'UTF-8' encoding to copy filtered resources.
2020-01-22 22:19:02,919 [Worker-24: Building workspace] INFO  o.e.m.c.i.embedder.EclipseLogger - skip non existing resourceDirectory C:\GuillermoCastro\Amatitla\templates\edusite-GCP\my-web-edusite\src\test\resources
2020-01-22 22:20:13,906 [Worker-25: Building workspace] INFO  o.e.m.c.i.embedder.EclipseLogger - Using 'UTF-8' encoding to copy filtered resources.
2020-01-22 22:20:13,920 [Worker-25: Building workspace] INFO  o.e.m.c.i.embedder.EclipseLogger - Copying 1 resource
2020-01-22 22:20:13,935 [Worker-25: Building workspace] INFO  o.e.m.c.i.embedder.EclipseLogger - Copying 44 resources
2020-01-22 22:20:13,946 [Worker-25: Building workspace] INFO  o.e.m.c.i.embedder.EclipseLogger - Using 'UTF-8' encoding to copy filtered resources.
2020-01-22 22:20:13,946 [Worker-25: Building workspace] INFO  o.e.m.c.i.embedder.EclipseLogger - skip non existing resourceDirectory C:\GuillermoCastro\Amatitla\templates\edusite-GCP\my-web-edusite\src\test\resources
2020-01-22 22:22:20,225 [Worker-26: Building workspace] INFO  o.e.m.c.i.embedder.EclipseLogger - Using 'UTF-8' encoding to copy filtered resources.
2020-01-22 22:22:20,232 [Worker-26: Building workspace] INFO  o.e.m.c.i.embedder.EclipseLogger - Copying 1 resource
2020-01-22 22:22:20,255 [Worker-26: Building workspace] INFO  o.e.m.c.i.embedder.EclipseLogger - Copying 44 resources
2020-01-22 22:22:20,260 [Worker-26: Building workspace] INFO  o.e.m.c.i.embedder.EclipseLogger - Using 'UTF-8' encoding to copy filtered resources.
2020-01-22 22:22:20,260 [Worker-26: Building workspace] INFO  o.e.m.c.i.embedder.EclipseLogger - skip non existing resourceDirectory C:\GuillermoCastro\Amatitla\templates\edusite-GCP\my-web-edusite\src\test\resources
2020-01-22 22:23:42,197 [Worker-23: Building workspace] INFO  o.e.m.c.i.embedder.EclipseLogger - Using 'UTF-8' encoding to copy filtered resources.
2020-01-22 22:23:42,198 [Worker-23: Building workspace] INFO  o.e.m.c.i.embedder.EclipseLogger - Copying 1 resource
2020-01-22 22:23:42,224 [Worker-23: Building workspace] INFO  o.e.m.c.i.embedder.EclipseLogger - Copying 44 resources
2020-01-22 22:23:42,233 [Worker-23: Building workspace] INFO  o.e.m.c.i.embedder.EclipseLogger - Using 'UTF-8' encoding to copy filtered resources.
2020-01-22 22:23:42,234 [Worker-23: Building workspace] INFO  o.e.m.c.i.embedder.EclipseLogger - skip non existing resourceDirectory C:\GuillermoCastro\Amatitla\templates\edusite-GCP\my-web-edusite\src\test\resources
2020-01-22 22:25:26,428 [Worker-26: Building workspace] INFO  o.e.m.c.i.embedder.EclipseLogger - Using 'UTF-8' encoding to copy filtered resources.
2020-01-22 22:25:26,440 [Worker-26: Building workspace] INFO  o.e.m.c.i.embedder.EclipseLogger - Copying 1 resource
2020-01-22 22:25:26,447 [Worker-26: Building workspace] INFO  o.e.m.c.i.embedder.EclipseLogger - Copying 44 resources
2020-01-22 22:25:26,466 [Worker-26: Building workspace] INFO  o.e.m.c.i.embedder.EclipseLogger - Using 'UTF-8' encoding to copy filtered resources.
2020-01-22 22:25:26,466 [Worker-26: Building workspace] INFO  o.e.m.c.i.embedder.EclipseLogger - skip non existing resourceDirectory C:\GuillermoCastro\Amatitla\templates\edusite-GCP\my-web-edusite\src\test\resources
2020-01-22 22:26:13,532 [Worker-9: Building workspace] INFO  o.e.m.c.i.embedder.EclipseLogger - Using 'UTF-8' encoding to copy filtered resources.
2020-01-22 22:26:13,532 [Worker-9: Building workspace] INFO  o.e.m.c.i.embedder.EclipseLogger - Copying 1 resource
2020-01-22 22:26:13,548 [Worker-9: Building workspace] INFO  o.e.m.c.i.embedder.EclipseLogger - Copying 44 resources
2020-01-22 22:26:13,561 [Worker-9: Building workspace] INFO  o.e.m.c.i.embedder.EclipseLogger - Using 'UTF-8' encoding to copy filtered resources.
2020-01-22 22:26:13,562 [Worker-9: Building workspace] INFO  o.e.m.c.i.embedder.EclipseLogger - skip non existing resourceDirectory C:\GuillermoCastro\Amatitla\templates\edusite-GCP\my-web-edusite\src\test\resources
2020-01-22 22:26:24,458 [Worker-9: Building workspace] INFO  o.e.m.c.i.embedder.EclipseLogger - Using 'UTF-8' encoding to copy filtered resources.
2020-01-22 22:26:24,471 [Worker-9: Building workspace] INFO  o.e.m.c.i.embedder.EclipseLogger - Copying 1 resource
2020-01-22 22:26:24,487 [Worker-9: Building workspace] INFO  o.e.m.c.i.embedder.EclipseLogger - Copying 44 resources
2020-01-22 22:26:24,494 [Worker-9: Building workspace] INFO  o.e.m.c.i.embedder.EclipseLogger - Using 'UTF-8' encoding to copy filtered resources.
2020-01-22 22:26:24,494 [Worker-9: Building workspace] INFO  o.e.m.c.i.embedder.EclipseLogger - skip non existing resourceDirectory C:\GuillermoCastro\Amatitla\templates\edusite-GCP\my-web-edusite\src\test\resources
2020-01-22 22:27:16,107 [Worker-18: Building workspace] INFO  o.e.m.c.i.embedder.EclipseLogger - Using 'UTF-8' encoding to copy filtered resources.
2020-01-22 22:27:16,109 [Worker-18: Building workspace] INFO  o.e.m.c.i.embedder.EclipseLogger - Copying 3 resources
2020-01-22 22:27:16,116 [Worker-18: Building workspace] INFO  o.e.m.c.i.embedder.EclipseLogger - Copying 0 resource
2020-01-22 22:27:16,118 [Worker-18: Building workspace] INFO  o.e.m.c.i.embedder.EclipseLogger - Using 'UTF-8' encoding to copy filtered resources.
2020-01-22 22:27:16,118 [Worker-18: Building workspace] INFO  o.e.m.c.i.embedder.EclipseLogger - skip non existing resourceDirectory C:\GuillermoCastro\Amatitla\spring.boot\db-demo-app\src\test\resources
2020-01-22 22:29:04,934 [Worker-18: Building workspace] INFO  o.e.m.c.i.embedder.EclipseLogger - Using 'UTF-8' encoding to copy filtered resources.
2020-01-22 22:29:04,939 [Worker-18: Building workspace] INFO  o.e.m.c.i.embedder.EclipseLogger - Copying 1 resource
2020-01-22 22:29:04,957 [Worker-18: Building workspace] INFO  o.e.m.c.i.embedder.EclipseLogger - Copying 44 resources
2020-01-22 22:29:04,967 [Worker-18: Building workspace] INFO  o.e.m.c.i.embedder.EclipseLogger - Using 'UTF-8' encoding to copy filtered resources.
2020-01-22 22:29:04,968 [Worker-18: Building workspace] INFO  o.e.m.c.i.embedder.EclipseLogger - skip non existing resourceDirectory C:\GuillermoCastro\Amatitla\templates\edusite-GCP\my-web-edusite\src\test\resources
2020-01-22 22:30:02,919 [Worker-21: Building workspace] INFO  o.e.m.c.i.embedder.EclipseLogger - Using 'UTF-8' encoding to copy filtered resources.
2020-01-22 22:30:02,940 [Worker-21: Building workspace] INFO  o.e.m.c.i.embedder.EclipseLogger - Copying 1 resource
2020-01-22 22:30:02,956 [Worker-21: Building workspace] INFO  o.e.m.c.i.embedder.EclipseLogger - Copying 44 resources
2020-01-22 22:30:02,962 [Worker-21: Building workspace] INFO  o.e.m.c.i.embedder.EclipseLogger - Using 'UTF-8' encoding to copy filtered resources.
2020-01-22 22:30:02,963 [Worker-21: Building workspace] INFO  o.e.m.c.i.embedder.EclipseLogger - skip non existing resourceDirectory C:\GuillermoCastro\Amatitla\templates\edusite-GCP\my-web-edusite\src\test\resources
2020-01-22 22:34:44,812 [Worker-29: Building workspace] INFO  o.e.m.c.i.embedder.EclipseLogger - Using 'UTF-8' encoding to copy filtered resources.
2020-01-22 22:34:44,814 [Worker-29: Building workspace] INFO  o.e.m.c.i.embedder.EclipseLogger - Copying 1 resource
2020-01-22 22:34:44,832 [Worker-29: Building workspace] INFO  o.e.m.c.i.embedder.EclipseLogger - Copying 44 resources
2020-01-22 22:34:44,844 [Worker-29: Building workspace] INFO  o.e.m.c.i.embedder.EclipseLogger - Using 'UTF-8' encoding to copy filtered resources.
2020-01-22 22:34:44,845 [Worker-29: Building workspace] INFO  o.e.m.c.i.embedder.EclipseLogger - skip non existing resourceDirectory C:\GuillermoCastro\Amatitla\templates\edusite-GCP\my-web-edusite\src\test\resources
2020-01-22 22:39:28,503 [Worker-35: Building workspace] INFO  o.e.m.c.i.embedder.EclipseLogger - Using 'UTF-8' encoding to copy filtered resources.
2020-01-22 22:39:28,519 [Worker-35: Building workspace] INFO  o.e.m.c.i.embedder.EclipseLogger - Copying 1 resource
2020-01-22 22:39:28,531 [Worker-35: Building workspace] INFO  o.e.m.c.i.embedder.EclipseLogger - Copying 44 resources
2020-01-22 22:39:28,541 [Worker-35: Building workspace] INFO  o.e.m.c.i.embedder.EclipseLogger - Using 'UTF-8' encoding to copy filtered resources.
2020-01-22 22:39:28,541 [Worker-35: Building workspace] INFO  o.e.m.c.i.embedder.EclipseLogger - skip non existing resourceDirectory C:\GuillermoCastro\Amatitla\templates\edusite-GCP\my-web-edusite\src\test\resources
2020-01-22 22:40:13,034 [Worker-35: Building workspace] INFO  o.e.m.c.i.embedder.EclipseLogger - Using 'UTF-8' encoding to copy filtered resources.
2020-01-22 22:40:13,034 [Worker-35: Building workspace] INFO  o.e.m.c.i.embedder.EclipseLogger - Copying 1 resource
2020-01-22 22:40:13,062 [Worker-35: Building workspace] INFO  o.e.m.c.i.embedder.EclipseLogger - Copying 44 resources
2020-01-22 22:40:13,070 [Worker-35: Building workspace] INFO  o.e.m.c.i.embedder.EclipseLogger - Using 'UTF-8' encoding to copy filtered resources.
2020-01-22 22:40:13,070 [Worker-35: Building workspace] INFO  o.e.m.c.i.embedder.EclipseLogger - skip non existing resourceDirectory C:\GuillermoCastro\Amatitla\templates\edusite-GCP\my-web-edusite\src\test\resources
2020-01-22 22:40:57,526 [Worker-35: Building workspace] INFO  o.e.m.c.i.embedder.EclipseLogger - Using 'UTF-8' encoding to copy filtered resources.
2020-01-22 22:40:57,526 [Worker-35: Building workspace] INFO  o.e.m.c.i.embedder.EclipseLogger - Copying 1 resource
2020-01-22 22:40:57,550 [Worker-35: Building workspace] INFO  o.e.m.c.i.embedder.EclipseLogger - Copying 44 resources
2020-01-22 22:40:57,550 [Worker-35: Building workspace] INFO  o.e.m.c.i.embedder.EclipseLogger - Using 'UTF-8' encoding to copy filtered resources.
2020-01-22 22:40:57,550 [Worker-35: Building workspace] INFO  o.e.m.c.i.embedder.EclipseLogger - skip non existing resourceDirectory C:\GuillermoCastro\Amatitla\templates\edusite-GCP\my-web-edusite\src\test\resources
2020-01-22 22:42:19,978 [Worker-36: Building workspace] INFO  o.e.m.c.i.embedder.EclipseLogger - Using 'UTF-8' encoding to copy filtered resources.
2020-01-22 22:42:19,990 [Worker-36: Building workspace] INFO  o.e.m.c.i.embedder.EclipseLogger - Copying 1 resource
2020-01-22 22:42:19,998 [Worker-36: Building workspace] INFO  o.e.m.c.i.embedder.EclipseLogger - Copying 44 resources
2020-01-22 22:42:20,012 [Worker-36: Building workspace] INFO  o.e.m.c.i.embedder.EclipseLogger - Using 'UTF-8' encoding to copy filtered resources.
2020-01-22 22:42:20,012 [Worker-36: Building workspace] INFO  o.e.m.c.i.embedder.EclipseLogger - skip non existing resourceDirectory C:\GuillermoCastro\Amatitla\templates\edusite-GCP\my-web-edusite\src\test\resources
2020-01-22 22:44:58,850 [Worker-39: Building workspace] INFO  o.e.m.c.i.embedder.EclipseLogger - Using 'UTF-8' encoding to copy filtered resources.
2020-01-22 22:44:58,865 [Worker-39: Building workspace] INFO  o.e.m.c.i.embedder.EclipseLogger - Copying 1 resource
2020-01-22 22:44:58,881 [Worker-39: Building workspace] INFO  o.e.m.c.i.embedder.EclipseLogger - Copying 44 resources
2020-01-22 22:44:58,882 [Worker-39: Building workspace] INFO  o.e.m.c.i.embedder.EclipseLogger - Using 'UTF-8' encoding to copy filtered resources.
2020-01-22 22:44:58,882 [Worker-39: Building workspace] INFO  o.e.m.c.i.embedder.EclipseLogger - skip non existing resourceDirectory C:\GuillermoCastro\Amatitla\templates\edusite-GCP\my-web-edusite\src\test\resources
2020-01-22 22:46:33,256 [Worker-28: Building Workspace] INFO  o.e.m.c.i.embedder.EclipseLogger - Using 'UTF-8' encoding to copy filtered resources.
2020-01-22 22:46:33,257 [Worker-28: Building Workspace] INFO  o.e.m.c.i.embedder.EclipseLogger - Copying 1 resource
2020-01-22 22:46:33,261 [Worker-28: Building Workspace] INFO  o.e.m.c.i.embedder.EclipseLogger - Copying 0 resource
2020-01-22 22:46:33,264 [Worker-28: Building Workspace] INFO  o.e.m.c.i.embedder.EclipseLogger - Using 'UTF-8' encoding to copy filtered resources.
2020-01-22 22:46:33,264 [Worker-28: Building Workspace] INFO  o.e.m.c.i.embedder.EclipseLogger - skip non existing resourceDirectory C:\GuillermoCastro\Amatitla\spring.boot\db-demo-app\src\test\resources
2020-01-22 22:46:33,280 [Worker-28: Building Workspace] INFO  o.e.m.c.i.embedder.EclipseLogger - Using 'UTF-8' encoding to copy filtered resources.
2020-01-22 22:46:33,280 [Worker-28: Building Workspace] INFO  o.e.m.c.i.embedder.EclipseLogger - Copying 2 resources
2020-01-22 22:46:33,287 [Worker-28: Building Workspace] INFO  o.e.m.c.i.embedder.EclipseLogger - Copying 0 resource
2020-01-22 22:46:33,290 [Worker-28: Building Workspace] INFO  o.e.m.c.i.embedder.EclipseLogger - Using 'UTF-8' encoding to copy filtered resources.
2020-01-22 22:46:33,290 [Worker-28: Building Workspace] INFO  o.e.m.c.i.embedder.EclipseLogger - skip non existing resourceDirectory C:\GuillermoCastro\Amatitla\templates\edusite-GCP\my-web-edusite\src\test\resources
2020-01-22 22:47:03,247 [Worker-28: Building workspace] INFO  o.e.m.c.i.embedder.EclipseLogger - Using 'UTF-8' encoding to copy filtered resources.
2020-01-22 22:47:03,247 [Worker-28: Building workspace] INFO  o.e.m.c.i.embedder.EclipseLogger - Copying 1 resource
2020-01-22 22:47:03,252 [Worker-28: Building workspace] INFO  o.e.m.c.i.embedder.EclipseLogger - Copying 0 resource
2020-01-22 22:47:03,255 [Worker-28: Building workspace] INFO  o.e.m.c.i.embedder.EclipseLogger - Using 'UTF-8' encoding to copy filtered resources.
2020-01-22 22:47:03,255 [Worker-28: Building workspace] INFO  o.e.m.c.i.embedder.EclipseLogger - skip non existing resourceDirectory C:\GuillermoCastro\Amatitla\templates\edusite-GCP\my-web-edusite\src\test\resources
2020-01-22 22:52:05,806 [Worker-31: Building workspace] INFO  o.e.m.c.i.embedder.EclipseLogger - Using 'UTF-8' encoding to copy filtered resources.
2020-01-22 22:52:05,806 [Worker-31: Building workspace] INFO  o.e.m.c.i.embedder.EclipseLogger - Copying 1 resource
2020-01-22 22:52:05,824 [Worker-31: Building workspace] INFO  o.e.m.c.i.embedder.EclipseLogger - Copying 0 resource
2020-01-22 22:52:05,826 [Worker-31: Building workspace] INFO  o.e.m.c.i.embedder.EclipseLogger - Using 'UTF-8' encoding to copy filtered resources.
2020-01-22 22:52:05,826 [Worker-31: Building workspace] INFO  o.e.m.c.i.embedder.EclipseLogger - skip non existing resourceDirectory C:\GuillermoCastro\Amatitla\templates\edusite-GCP\my-web-edusite\src\test\resources
2020-01-22 22:55:54,607 [Worker-42: Building workspace] INFO  o.e.m.c.i.embedder.EclipseLogger - Using 'UTF-8' encoding to copy filtered resources.
2020-01-22 22:55:54,616 [Worker-42: Building workspace] INFO  o.e.m.c.i.embedder.EclipseLogger - Copying 3 resources
2020-01-22 22:55:54,640 [Worker-42: Building workspace] INFO  o.e.m.c.i.embedder.EclipseLogger - Copying 44 resources
2020-01-22 22:55:54,648 [Worker-42: Building workspace] INFO  o.e.m.c.i.embedder.EclipseLogger - Using 'UTF-8' encoding to copy filtered resources.
2020-01-22 22:55:54,649 [Worker-42: Building workspace] INFO  o.e.m.c.i.embedder.EclipseLogger - skip non existing resourceDirectory C:\GuillermoCastro\Amatitla\templates\edusite-GCP\my-web-edusite\src\test\resources
2020-01-22 22:56:00,946 [Worker-43: Building workspace] INFO  o.e.m.c.i.embedder.EclipseLogger - Using 'UTF-8' encoding to copy filtered resources.
2020-01-22 22:56:00,958 [Worker-43: Building workspace] INFO  o.e.m.c.i.embedder.EclipseLogger - Copying 3 resources
2020-01-22 22:56:00,975 [Worker-43: Building workspace] INFO  o.e.m.c.i.embedder.EclipseLogger - Copying 44 resources
2020-01-22 22:56:00,981 [Worker-43: Building workspace] INFO  o.e.m.c.i.embedder.EclipseLogger - Using 'UTF-8' encoding to copy filtered resources.
2020-01-22 22:56:00,981 [Worker-43: Building workspace] INFO  o.e.m.c.i.embedder.EclipseLogger - skip non existing resourceDirectory C:\GuillermoCastro\Amatitla\templates\edusite-GCP\my-web-edusite\src\test\resources
2020-01-22 22:56:14,584 [Worker-31: Building workspace] INFO  o.e.m.c.i.embedder.EclipseLogger - Using 'UTF-8' encoding to copy filtered resources.
2020-01-22 22:56:14,585 [Worker-31: Building workspace] INFO  o.e.m.c.i.embedder.EclipseLogger - Copying 0 resource
2020-01-22 22:56:14,585 [Worker-31: Building workspace] INFO  o.e.m.c.i.embedder.EclipseLogger - Copying 1 resource
2020-01-22 22:56:14,604 [Worker-31: Building workspace] INFO  o.e.m.c.i.embedder.EclipseLogger - Using 'UTF-8' encoding to copy filtered resources.
2020-01-22 22:56:14,605 [Worker-31: Building workspace] INFO  o.e.m.c.i.embedder.EclipseLogger - skip non existing resourceDirectory C:\GuillermoCastro\Amatitla\templates\edusite-GCP\my-web-edusite\src\test\resources
2020-01-22 23:01:31,477 [Worker-43: Building workspace] INFO  o.e.m.c.i.embedder.EclipseLogger - Using 'UTF-8' encoding to copy filtered resources.
2020-01-22 23:01:31,491 [Worker-43: Building workspace] INFO  o.e.m.c.i.embedder.EclipseLogger - Copying 3 resources
2020-01-22 23:01:31,513 [Worker-43: Building workspace] INFO  o.e.m.c.i.embedder.EclipseLogger - Copying 44 resources
2020-01-22 23:01:31,522 [Worker-43: Building workspace] INFO  o.e.m.c.i.embedder.EclipseLogger - Using 'UTF-8' encoding to copy filtered resources.
2020-01-22 23:01:31,522 [Worker-43: Building workspace] INFO  o.e.m.c.i.embedder.EclipseLogger - skip non existing resourceDirectory C:\GuillermoCastro\Amatitla\templates\edusite-GCP\my-web-edusite\src\test\resources
2020-01-22 23:02:49,237 [Worker-36: Building workspace] INFO  o.e.m.c.i.embedder.EclipseLogger - Using 'UTF-8' encoding to copy filtered resources.
2020-01-22 23:02:49,237 [Worker-36: Building workspace] INFO  o.e.m.c.i.embedder.EclipseLogger - Copying 0 resource
2020-01-22 23:02:49,238 [Worker-36: Building workspace] INFO  o.e.m.c.i.embedder.EclipseLogger - Copying 1 resource
2020-01-22 23:02:49,254 [Worker-36: Building workspace] INFO  o.e.m.c.i.embedder.EclipseLogger - Using 'UTF-8' encoding to copy filtered resources.
2020-01-22 23:02:49,254 [Worker-36: Building workspace] INFO  o.e.m.c.i.embedder.EclipseLogger - skip non existing resourceDirectory C:\GuillermoCastro\Amatitla\templates\edusite-GCP\my-web-edusite\src\test\resources
2020-01-22 23:02:57,680 [Worker-44: Building workspace] INFO  o.e.m.c.i.embedder.EclipseLogger - Using 'UTF-8' encoding to copy filtered resources.
2020-01-22 23:02:57,682 [Worker-44: Building workspace] INFO  o.e.m.c.i.embedder.EclipseLogger - Copying 3 resources
2020-01-22 23:02:57,703 [Worker-44: Building workspace] INFO  o.e.m.c.i.embedder.EclipseLogger - Copying 44 resources
2020-01-22 23:02:57,716 [Worker-44: Building workspace] INFO  o.e.m.c.i.embedder.EclipseLogger - Using 'UTF-8' encoding to copy filtered resources.
2020-01-22 23:02:57,716 [Worker-44: Building workspace] INFO  o.e.m.c.i.embedder.EclipseLogger - skip non existing resourceDirectory C:\GuillermoCastro\Amatitla\templates\edusite-GCP\my-web-edusite\src\test\resources
2020-01-22 23:07:43,904 [Worker-44: Building workspace] INFO  o.e.m.c.i.embedder.EclipseLogger - Using 'UTF-8' encoding to copy filtered resources.
2020-01-22 23:07:43,905 [Worker-44: Building workspace] INFO  o.e.m.c.i.embedder.EclipseLogger - Copying 0 resource
2020-01-22 23:07:43,905 [Worker-44: Building workspace] INFO  o.e.m.c.i.embedder.EclipseLogger - Copying 1 resource
2020-01-22 23:07:43,920 [Worker-44: Building workspace] INFO  o.e.m.c.i.embedder.EclipseLogger - Using 'UTF-8' encoding to copy filtered resources.
2020-01-22 23:07:43,920 [Worker-44: Building workspace] INFO  o.e.m.c.i.embedder.EclipseLogger - skip non existing resourceDirectory C:\GuillermoCastro\Amatitla\templates\edusite-GCP\my-web-edusite\src\test\resources
2020-01-22 23:09:59,627 [Worker-46: Building workspace] INFO  o.e.m.c.i.embedder.EclipseLogger - Using 'UTF-8' encoding to copy filtered resources.
2020-01-22 23:09:59,628 [Worker-46: Building workspace] INFO  o.e.m.c.i.embedder.EclipseLogger - Copying 0 resource
2020-01-22 23:09:59,629 [Worker-46: Building workspace] INFO  o.e.m.c.i.embedder.EclipseLogger - Copying 1 resource
2020-01-22 23:09:59,644 [Worker-46: Building workspace] INFO  o.e.m.c.i.embedder.EclipseLogger - Using 'UTF-8' encoding to copy filtered resources.
2020-01-22 23:09:59,644 [Worker-46: Building workspace] INFO  o.e.m.c.i.embedder.EclipseLogger - skip non existing resourceDirectory C:\GuillermoCastro\Amatitla\templates\edusite-GCP\my-web-edusite\src\test\resources
2020-01-22 23:11:17,314 [Worker-53: Building workspace] INFO  o.e.m.c.i.embedder.EclipseLogger - Using 'UTF-8' encoding to copy filtered resources.
2020-01-22 23:11:17,315 [Worker-53: Building workspace] INFO  o.e.m.c.i.embedder.EclipseLogger - Copying 0 resource
2020-01-22 23:11:17,315 [Worker-53: Building workspace] INFO  o.e.m.c.i.embedder.EclipseLogger - Copying 1 resource
2020-01-22 23:11:17,331 [Worker-53: Building workspace] INFO  o.e.m.c.i.embedder.EclipseLogger - Using 'UTF-8' encoding to copy filtered resources.
2020-01-22 23:11:17,331 [Worker-53: Building workspace] INFO  o.e.m.c.i.embedder.EclipseLogger - skip non existing resourceDirectory C:\GuillermoCastro\Amatitla\templates\edusite-GCP\my-web-edusite\src\test\resources
2020-01-22 23:13:14,063 [Worker-53: Building workspace] INFO  o.e.m.c.i.embedder.EclipseLogger - Using 'UTF-8' encoding to copy filtered resources.
2020-01-22 23:13:14,064 [Worker-53: Building workspace] INFO  o.e.m.c.i.embedder.EclipseLogger - Copying 0 resource
2020-01-22 23:13:14,064 [Worker-53: Building workspace] INFO  o.e.m.c.i.embedder.EclipseLogger - Copying 1 resource
2020-01-22 23:13:14,080 [Worker-53: Building workspace] INFO  o.e.m.c.i.embedder.EclipseLogger - Using 'UTF-8' encoding to copy filtered resources.
2020-01-22 23:13:14,081 [Worker-53: Building workspace] INFO  o.e.m.c.i.embedder.EclipseLogger - skip non existing resourceDirectory C:\GuillermoCastro\Amatitla\templates\edusite-GCP\my-web-edusite\src\test\resources
2020-01-22 23:13:29,907 [Worker-50: Building workspace] INFO  o.e.m.c.i.embedder.EclipseLogger - Using 'UTF-8' encoding to copy filtered resources.
2020-01-22 23:13:29,909 [Worker-50: Building workspace] INFO  o.e.m.c.i.embedder.EclipseLogger - Copying 0 resource
2020-01-22 23:13:29,909 [Worker-50: Building workspace] INFO  o.e.m.c.i.embedder.EclipseLogger - Copying 1 resource
2020-01-22 23:13:29,938 [Worker-50: Building workspace] INFO  o.e.m.c.i.embedder.EclipseLogger - Using 'UTF-8' encoding to copy filtered resources.
2020-01-22 23:13:29,938 [Worker-50: Building workspace] INFO  o.e.m.c.i.embedder.EclipseLogger - skip non existing resourceDirectory C:\GuillermoCastro\Amatitla\templates\edusite-GCP\my-web-edusite\src\test\resources
2020-01-22 23:18:39,496 [Worker-56: Building workspace] INFO  o.e.m.c.i.embedder.EclipseLogger - Using 'UTF-8' encoding to copy filtered resources.
2020-01-22 23:18:39,508 [Worker-56: Building workspace] INFO  o.e.m.c.i.embedder.EclipseLogger - Copying 3 resources
2020-01-22 23:18:39,524 [Worker-56: Building workspace] INFO  o.e.m.c.i.embedder.EclipseLogger - Copying 44 resources
2020-01-22 23:18:39,532 [Worker-56: Building workspace] INFO  o.e.m.c.i.embedder.EclipseLogger - Using 'UTF-8' encoding to copy filtered resources.
2020-01-22 23:18:39,532 [Worker-56: Building workspace] INFO  o.e.m.c.i.embedder.EclipseLogger - skip non existing resourceDirectory C:\GuillermoCastro\Amatitla\templates\edusite-GCP\my-web-edusite\src\test\resources
2020-01-22 23:19:34,721 [Worker-52: Building workspace] INFO  o.e.m.c.i.embedder.EclipseLogger - Using 'UTF-8' encoding to copy filtered resources.
2020-01-22 23:19:34,721 [Worker-52: Building workspace] INFO  o.e.m.c.i.embedder.EclipseLogger - Copying 0 resource
2020-01-22 23:19:34,732 [Worker-52: Building workspace] INFO  o.e.m.c.i.embedder.EclipseLogger - Copying 1 resource
2020-01-22 23:19:34,749 [Worker-52: Building workspace] INFO  o.e.m.c.i.embedder.EclipseLogger - Using 'UTF-8' encoding to copy filtered resources.
2020-01-22 23:19:34,749 [Worker-52: Building workspace] INFO  o.e.m.c.i.embedder.EclipseLogger - skip non existing resourceDirectory C:\GuillermoCastro\Amatitla\templates\edusite-GCP\my-web-edusite\src\test\resources
2020-01-22 23:20:58,524 [Worker-52: Building workspace] INFO  o.e.m.c.i.embedder.EclipseLogger - Using 'UTF-8' encoding to copy filtered resources.
2020-01-22 23:20:58,540 [Worker-52: Building workspace] INFO  o.e.m.c.i.embedder.EclipseLogger - Copying 3 resources
2020-01-22 23:20:58,553 [Worker-52: Building workspace] INFO  o.e.m.c.i.embedder.EclipseLogger - Copying 44 resources
2020-01-22 23:20:58,553 [Worker-52: Building workspace] INFO  o.e.m.c.i.embedder.EclipseLogger - Using 'UTF-8' encoding to copy filtered resources.
2020-01-22 23:20:58,553 [Worker-52: Building workspace] INFO  o.e.m.c.i.embedder.EclipseLogger - skip non existing resourceDirectory C:\GuillermoCastro\Amatitla\templates\edusite-GCP\my-web-edusite\src\test\resources
2020-01-22 23:21:59,285 [Worker-60: Building workspace] INFO  o.e.m.c.i.embedder.EclipseLogger - Using 'UTF-8' encoding to copy filtered resources.
2020-01-22 23:21:59,285 [Worker-60: Building workspace] INFO  o.e.m.c.i.embedder.EclipseLogger - Copying 0 resource
2020-01-22 23:21:59,285 [Worker-60: Building workspace] INFO  o.e.m.c.i.embedder.EclipseLogger - Copying 1 resource
2020-01-22 23:21:59,307 [Worker-60: Building workspace] INFO  o.e.m.c.i.embedder.EclipseLogger - Using 'UTF-8' encoding to copy filtered resources.
2020-01-22 23:21:59,307 [Worker-60: Building workspace] INFO  o.e.m.c.i.embedder.EclipseLogger - skip non existing resourceDirectory C:\GuillermoCastro\Amatitla\templates\edusite-GCP\my-web-edusite\src\test\resources
